This is pdfTeX, Version 3.1415926-2.3-1.40.12 (MiKTeX 2.9) (preloaded format=pdflatex 2013.7.12)  4 SEP 2013 14:12
entering extended mode
**C:/Users/zhou/Desktop/stagerapport/modelerapport.tex
(C:/Users/zhou/Desktop/stagerapport/modelerapport.tex
LaTeX2e <2011/06/27>
Babel <v3.8m> and hyphenation patterns for english, afrikaans, ancientgreek, ar
abic, armenian, assamese, basque, bengali, bokmal, bulgarian, catalan, coptic, 
croatian, czech, danish, dutch, esperanto, estonian, farsi, finnish, french, ga
lician, german, german-x-2009-06-19, greek, gujarati, hindi, hungarian, iceland
ic, indonesian, interlingua, irish, italian, kannada, kurmanji, lao, latin, lat
vian, lithuanian, malayalam, marathi, mongolian, mongolianlmc, monogreek, ngerm
an, ngerman-x-2009-06-19, nynorsk, oriya, panjabi, pinyin, polish, portuguese, 
romanian, russian, sanskrit, serbian, slovak, slovenian, spanish, swedish, swis
sgerman, tamil, telugu, turkish, turkmen, ukenglish, ukrainian, uppersorbian, u
senglishmax, welsh, loaded.
(C:\Users\zhou\Desktop\stagerapport\EPURapport.cls
Document Class: EPURapport 2009/04/24 - EPURapport document class
("C:\Program Files (x86)\MiKTeX 2.9\tex\latex\lm\lmodern.sty"
Package: lmodern 2009/10/30 v1.6 Latin Modern Fonts
LaTeX Font Info:    Overwriting symbol font `operators' in version `normal'
(Font)                  OT1/cmr/m/n --> OT1/lmr/m/n on input line 22.
LaTeX Font Info:    Overwriting symbol font `letters' in version `normal'
(Font)                  OML/cmm/m/it --> OML/lmm/m/it on input line 23.
LaTeX Font Info:    Overwriting symbol font `symbols' in version `normal'
(Font)                  OMS/cmsy/m/n --> OMS/lmsy/m/n on input line 24.
LaTeX Font Info:    Overwriting symbol font `largesymbols' in version `normal'
(Font)                  OMX/cmex/m/n --> OMX/lmex/m/n on input line 25.
LaTeX Font Info:    Overwriting symbol font `operators' in version `bold'
(Font)                  OT1/cmr/bx/n --> OT1/lmr/bx/n on input line 26.
LaTeX Font Info:    Overwriting symbol font `letters' in version `bold'
(Font)                  OML/cmm/b/it --> OML/lmm/b/it on input line 27.
LaTeX Font Info:    Overwriting symbol font `symbols' in version `bold'
(Font)                  OMS/cmsy/b/n --> OMS/lmsy/b/n on input line 28.
LaTeX Font Info:    Overwriting symbol font `largesymbols' in version `bold'
(Font)                  OMX/cmex/m/n --> OMX/lmex/m/n on input line 29.
LaTeX Font Info:    Overwriting math alphabet `\mathbf' in version `normal'
(Font)                  OT1/cmr/bx/n --> OT1/lmr/bx/n on input line 31.
LaTeX Font Info:    Overwriting math alphabet `\mathsf' in version `normal'
(Font)                  OT1/cmss/m/n --> OT1/lmss/m/n on input line 32.
LaTeX Font Info:    Overwriting math alphabet `\mathit' in version `normal'
(Font)                  OT1/cmr/m/it --> OT1/lmr/m/it on input line 33.
LaTeX Font Info:    Overwriting math alphabet `\mathtt' in version `normal'
(Font)                  OT1/cmtt/m/n --> OT1/lmtt/m/n on input line 34.
LaTeX Font Info:    Overwriting math alphabet `\mathbf' in version `bold'
(Font)                  OT1/cmr/bx/n --> OT1/lmr/bx/n on input line 35.
LaTeX Font Info:    Overwriting math alphabet `\mathsf' in version `bold'
(Font)                  OT1/cmss/bx/n --> OT1/lmss/bx/n on input line 36.
LaTeX Font Info:    Overwriting math alphabet `\mathit' in version `bold'
(Font)                  OT1/cmr/bx/it --> OT1/lmr/bx/it on input line 37.
LaTeX Font Info:    Overwriting math alphabet `\mathtt' in version `bold'
(Font)                  OT1/cmtt/m/n --> OT1/lmtt/m/n on input line 38.
)
("C:\Program Files (x86)\MiKTeX 2.9\tex\latex\base\fontenc.sty"
Package: fontenc 2005/09/27 v1.99g Standard LaTeX package

("C:\Program Files (x86)\MiKTeX 2.9\tex\latex\base\t1enc.def"
File: t1enc.def 2005/09/27 v1.99g Standard LaTeX file
LaTeX Font Info:    Redeclaring font encoding T1 on input line 43.
))
("C:\Program Files (x86)\MiKTeX 2.9\tex\latex\base\ifthen.sty"
Package: ifthen 2001/05/26 v1.1c Standard LaTeX ifthen package (DPC)
)
("C:\Program Files (x86)\MiKTeX 2.9\tex\latex\fancyhdr\fancyhdr.sty"
\fancy@headwidth=\skip41
\f@ncyO@elh=\skip42
\f@ncyO@erh=\skip43
\f@ncyO@olh=\skip44
\f@ncyO@orh=\skip45
\f@ncyO@elf=\skip46
\f@ncyO@erf=\skip47
\f@ncyO@olf=\skip48
\f@ncyO@orf=\skip49
)
("C:\Program Files (x86)\MiKTeX 2.9\tex\latex\base\report.cls"
Document Class: report 2007/10/19 v1.4h Standard LaTeX document class
("C:\Program Files (x86)\MiKTeX 2.9\tex\latex\base\size11.clo"
File: size11.clo 2007/10/19 v1.4h Standard LaTeX file (size option)
)
\c@part=\count79
\c@chapter=\count80
\c@section=\count81
\c@subsection=\count82
\c@subsubsection=\count83
\c@paragraph=\count84
\c@subparagraph=\count85
\c@figure=\count86
\c@table=\count87
\abovecaptionskip=\skip50
\belowcaptionskip=\skip51
\bibindent=\dimen102
)
("C:\Program Files (x86)\MiKTeX 2.9\tex\generic\babel\babel.sty"
Package: babel 2008/07/08 v3.8m The Babel package

*************************************
* Local config file bblopts.cfg used
*
("C:\Program Files (x86)\MiKTeX 2.9\tex\latex\00miktex\bblopts.cfg"
File: bblopts.cfg 2006/07/31 v1.0 MiKTeX 'babel' configuration
)
("C:\Program Files (x86)\MiKTeX 2.9\tex\generic\babel\frenchb.ldf"
Language: frenchb 2009/03/16 v2.3d French support from the babel system

("C:\Program Files (x86)\MiKTeX 2.9\tex\generic\babel\babel.def"
File: babel.def 2008/07/08 v3.8m Babel common definitions
\babel@savecnt=\count88
\U@D=\dimen103
)
Package babel Info: Making : an active character on input line 120.
Package babel Info: Making ; an active character on input line 121.
Package babel Info: Making ! an active character on input line 122.
Package babel Info: Making ? an active character on input line 123.
\FB@Mht=\dimen104
\std@mcc=\count89
\dec@mcc=\count90
\parindentFFN=\dimen105

*************************************
* Local config file frenchb.cfg used
*
("C:\Program Files (x86)\MiKTeX 2.9\tex\generic\babel\frenchb.cfg")))
("C:\Program Files (x86)\MiKTeX 2.9\tex\latex\carlisle\scalefnt.sty")
("C:\Program Files (x86)\MiKTeX 2.9\tex\latex\graphics\keyval.sty"
Package: keyval 1999/03/16 v1.13 key=value parser (DPC)
\KV@toks@=\toks14
)
("C:\Program Files (x86)\MiKTeX 2.9\tex\latex\ltxmisc\url.sty"
\Urlmuskip=\muskip10
Package: url 2006/04/12  ver 3.3  Verb mode for urls, etc.
)
("C:\Program Files (x86)\MiKTeX 2.9\tex\latex\xcolor\xcolor.sty"
Package: xcolor 2007/01/21 v2.11 LaTeX color extensions (UK)

("C:\Program Files (x86)\MiKTeX 2.9\tex\latex\00miktex\color.cfg"
File: color.cfg 2007/01/18 v1.5 color configuration of teTeX/TeXLive
)
Package xcolor Info: Driver file: pdftex.def on input line 225.

("C:\Program Files (x86)\MiKTeX 2.9\tex\latex\pdftex-def\pdftex.def"
File: pdftex.def 2011/05/27 v0.06d Graphics/color for pdfTeX

("C:\Program Files (x86)\MiKTeX 2.9\tex\generic\oberdiek\infwarerr.sty"
Package: infwarerr 2010/04/08 v1.3 Providing info/warning/message (HO)
)
("C:\Program Files (x86)\MiKTeX 2.9\tex\generic\oberdiek\ltxcmds.sty"
Package: ltxcmds 2011/04/18 v1.20 LaTeX kernel commands for general use (HO)
)
\Gread@gobject=\count91
)
Package xcolor Info: Model `cmy' substituted by `cmy0' on input line 1337.
Package xcolor Info: Model `hsb' substituted by `rgb' on input line 1341.
Package xcolor Info: Model `RGB' extended on input line 1353.
Package xcolor Info: Model `HTML' substituted by `rgb' on input line 1355.
Package xcolor Info: Model `Hsb' substituted by `hsb' on input line 1356.
Package xcolor Info: Model `tHsb' substituted by `hsb' on input line 1357.
Package xcolor Info: Model `HSB' substituted by `hsb' on input line 1358.
Package xcolor Info: Model `Gray' substituted by `gray' on input line 1359.
Package xcolor Info: Model `wave' substituted by `hsb' on input line 1360.
)
("C:\Program Files (x86)\MiKTeX 2.9\tex\latex\comment\comment.sty"
\CommentStream=\write3

Excluding comment 'comment')
("C:\Program Files (x86)\MiKTeX 2.9\tex\latex\lastpage\lastpage.sty"
Package: lastpage 2013/01/28 v1.2l Refers to last page's name (HMM; JPG)
)
("C:\Program Files (x86)\MiKTeX 2.9\tex\latex\fp\fp.sty"
Package: fp 1995/04/02

`Fixed Point Package', Version 0.8, April 2, 1995 (C) Michael Mehlich
("C:\Program Files (x86)\MiKTeX 2.9\tex\latex\fp\defpattern.sty"
Package: defpattern 1994/10/12
\actioncount=\count92
)
("C:\Program Files (x86)\MiKTeX 2.9\tex\latex\fp\fp-basic.sty"
Package: fp-basic 1996/05/13
\FP@xs=\count93
\FP@xia=\count94
\FP@xib=\count95
\FP@xfa=\count96
\FP@xfb=\count97
\FP@rega=\count98
\FP@regb=\count99
\FP@regs=\count100
\FP@times=\count101
)
("C:\Program Files (x86)\MiKTeX 2.9\tex\latex\fp\fp-addons.sty"
Package: fp-addons 1995/03/15
)
("C:\Program Files (x86)\MiKTeX 2.9\tex\latex\fp\fp-snap.sty"
Package: fp-snap 1995/04/05
)
("C:\Program Files (x86)\MiKTeX 2.9\tex\latex\fp\fp-exp.sty"
Package: fp-exp 1995/04/03
)
("C:\Program Files (x86)\MiKTeX 2.9\tex\latex\fp\fp-trigo.sty"
Package: fp-trigo 1995/04/14
)
("C:\Program Files (x86)\MiKTeX 2.9\tex\latex\fp\fp-pas.sty"
Package: fp-pas 1994/08/29
)
("C:\Program Files (x86)\MiKTeX 2.9\tex\latex\fp\fp-random.sty"
Package: fp-random 1995/02/23
\FPseed=\count102
)
("C:\Program Files (x86)\MiKTeX 2.9\tex\latex\fp\fp-eqn.sty"
Package: fp-eqn 1995/04/03
)
("C:\Program Files (x86)\MiKTeX 2.9\tex\latex\fp\fp-upn.sty"
Package: fp-upn 1996/10/21
)
("C:\Program Files (x86)\MiKTeX 2.9\tex\latex\fp\fp-eval.sty"
Package: fp-eval 1995/04/03
))
("C:\Program Files (x86)\MiKTeX 2.9\tex\latex\graphics\graphicx.sty"
Package: graphicx 1999/02/16 v1.0f Enhanced LaTeX Graphics (DPC,SPQR)

("C:\Program Files (x86)\MiKTeX 2.9\tex\latex\graphics\graphics.sty"
Package: graphics 2009/02/05 v1.0o Standard LaTeX Graphics (DPC,SPQR)

("C:\Program Files (x86)\MiKTeX 2.9\tex\latex\graphics\trig.sty"
Package: trig 1999/03/16 v1.09 sin cos tan (DPC)
)
("C:\Program Files (x86)\MiKTeX 2.9\tex\latex\00miktex\graphics.cfg"
File: graphics.cfg 2007/01/18 v1.5 graphics configuration of teTeX/TeXLive
)
Package graphics Info: Driver file: pdftex.def on input line 91.
)
\Gin@req@height=\dimen106
\Gin@req@width=\dimen107
)
("C:\Program Files (x86)\MiKTeX 2.9\tex\latex\hyperref\hyperref.sty"
Package: hyperref 2011/08/19 v6.82h Hypertext links for LaTeX

("C:\Program Files (x86)\MiKTeX 2.9\tex\generic\oberdiek\hobsub-hyperref.sty"
Package: hobsub-hyperref 2011/04/23 v1.4 Bundle oberdiek, subset hyperref (HO)

("C:\Program Files (x86)\MiKTeX 2.9\tex\generic\oberdiek\hobsub-generic.sty"
Package: hobsub-generic 2011/04/23 v1.4 Bundle oberdiek, subset generic (HO)
Package: hobsub 2011/04/23 v1.4 Subsetting bundle oberdiek (HO)
Package hobsub Info: Skipping package `infwarerr' (already loaded).
Package hobsub Info: Skipping package `ltxcmds' (already loaded).
Package: ifluatex 2010/03/01 v1.3 Provides the ifluatex switch (HO)
Package ifluatex Info: LuaTeX not detected.
Package: ifvtex 2010/03/01 v1.5 Switches for detecting VTeX and its modes (HO)
Package ifvtex Info: VTeX not detected.
Package: intcalc 2007/09/27 v1.1 Expandable integer calculations (HO)
Package: ifpdf 2011/01/30 v2.3 Provides the ifpdf switch (HO)
Package ifpdf Info: pdfTeX in PDF mode is detected.
Package: etexcmds 2011/02/16 v1.5 Prefix for e-TeX command names (HO)
Package etexcmds Info: Could not find \expanded.
(etexcmds)             That can mean that you are not using pdfTeX 1.50 or
(etexcmds)             that some package has redefined \expanded.
(etexcmds)             In the latter case, load this package earlier.
Package: kvsetkeys 2011/04/07 v1.13 Key value parser (HO)
Package: kvdefinekeys 2011/04/07 v1.3 Defining keys (HO)
Package: pdftexcmds 2011/04/22 v0.16 Utilities of pdfTeX for LuaTeX (HO)
Package pdftexcmds Info: LuaTeX not detected.
Package pdftexcmds Info: \pdf@primitive is available.
Package pdftexcmds Info: \pdf@ifprimitive is available.
Package pdftexcmds Info: \pdfdraftmode found.
Package: pdfescape 2011/04/04 v1.12 Provides string conversions (HO)
Package: bigintcalc 2011/01/30 v1.2 Expandable big integer calculations (HO)
Package: bitset 2011/01/30 v1.1 Data type bit set (HO)
Package: uniquecounter 2011/01/30 v1.2 Provides unlimited unique counter (HO)
)
Package hobsub Info: Skipping package `hobsub' (already loaded).
Package: letltxmacro 2010/09/02 v1.4 Let assignment for LaTeX macros (HO)
Package: hopatch 2011/01/30 v1.0 Wrapper for package hooks (HO)
Package: xcolor-patch 2011/01/30 xcolor patch
Package: atveryend 2011/04/23 v1.7 Hooks at very end of document (HO)
Package: atbegshi 2011/01/30 v1.15 At begin shipout hook (HO)
Package: refcount 2010/12/01 v3.2 Data extraction from references (HO)
Package: hycolor 2011/01/30 v1.7 Color options of hyperref/bookmark (HO)
)
("C:\Program Files (x86)\MiKTeX 2.9\tex\generic\ifxetex\ifxetex.sty"
Package: ifxetex 2010/09/12 v0.6 Provides ifxetex conditional
)
("C:\Program Files (x86)\MiKTeX 2.9\tex\latex\oberdiek\kvoptions.sty"
Package: kvoptions 2010/12/23 v3.10 Keyval support for LaTeX options (HO)
)
\@linkdim=\dimen108
\Hy@linkcounter=\count103
\Hy@pagecounter=\count104

("C:\Program Files (x86)\MiKTeX 2.9\tex\latex\hyperref\pd1enc.def"
File: pd1enc.def 2011/08/19 v6.82h Hyperref: PDFDocEncoding definition (HO)
)
\Hy@SavedSpaceFactor=\count105

("C:\Program Files (x86)\MiKTeX 2.9\tex\latex\00miktex\hyperref.cfg"
File: hyperref.cfg 2002/06/06 v1.2 hyperref configuration of TeXLive
)
Package hyperref Info: Hyper figures OFF on input line 4053.
Package hyperref Info: Link nesting OFF on input line 4058.
Package hyperref Info: Hyper index ON on input line 4061.
Package hyperref Info: Plain pages OFF on input line 4068.
Package hyperref Info: Backreferencing OFF on input line 4073.
Package hyperref Info: Implicit mode ON; LaTeX internals redefined.
Package hyperref Info: Bookmarks ON on input line 4291.
\c@Hy@tempcnt=\count106
LaTeX Info: Redefining \url on input line 4644.
\Fld@menulength=\count107
\Field@Width=\dimen109
\Fld@charsize=\dimen110
Package hyperref Info: Hyper figures OFF on input line 5730.
Package hyperref Info: Link nesting OFF on input line 5735.
Package hyperref Info: Hyper index ON on input line 5738.
Package hyperref Info: backreferencing OFF on input line 5745.
Package hyperref Info: Link coloring OFF on input line 5750.
Package hyperref Info: Link coloring with OCG OFF on input line 5755.
Package hyperref Info: PDF/A mode OFF on input line 5760.
LaTeX Info: Redefining \ref on input line 5800.
LaTeX Info: Redefining \pageref on input line 5804.
\Hy@abspage=\count108
\c@Item=\count109
\c@Hfootnote=\count110
)

Package hyperref Message: Driver (autodetected): hpdftex.

("C:\Program Files (x86)\MiKTeX 2.9\tex\latex\hyperref\hpdftex.def"
File: hpdftex.def 2011/08/19 v6.82h Hyperref driver for pdfTeX
\Fld@listcount=\count111
\c@bookmark@seq@number=\count112

("C:\Program Files (x86)\MiKTeX 2.9\tex\latex\oberdiek\rerunfilecheck.sty"
Package: rerunfilecheck 2011/04/15 v1.7 Rerun checks for auxiliary files (HO)
Package uniquecounter Info: New unique counter `rerunfilecheck' on input line 2
82.
)
\Hy@SectionHShift=\skip52
)
Package hyperref Info: Option `colorlinks' set `true' on input line 104.
Package hyperref Info: Option `breaklinks' set `true' on input line 104.
Package hyperref Info: Option `bookmarksopen' set `true' on input line 104.
Package hyperref Info: Option `bookmarksnumbered' set `true' on input line 104.

Package hyperref Info: Option `plainpages' set `false' on input line 104.
Package hyperref Info: Option `pdfdisplaydoctitle' set `true' on input line 104
.
Package hyperref Info: Option `hypertexnames' set `false' on input line 104.
\headersize=\skip53
\EPUlogo=\box26

<logos/Logo_Polytech_Tours.pdf, id=1, 240.9pt x 114.4275pt>
File: logos/Logo_Polytech_Tours.pdf Graphic file (type pdf)

<use logos/Logo_Polytech_Tours.pdf>
Package pdftex.def Info: logos/Logo_Polytech_Tours.pdf used on input line 399.
(pdftex.def)             Requested size: 73.97733pt x 35.13866pt.
)
(C:\Users\zhou\Desktop\stagerapport\include.tex
("C:\Program Files (x86)\MiKTeX 2.9\tex\latex\listings\listings.sty"
\lst@mode=\count113
\lst@gtempboxa=\box27
\lst@token=\toks15
\lst@length=\count114
\lst@currlwidth=\dimen111
\lst@column=\count115
\lst@pos=\count116
\lst@lostspace=\dimen112
\lst@width=\dimen113
\lst@newlines=\count117
\lst@lineno=\count118
\lst@maxwidth=\dimen114

("C:\Program Files (x86)\MiKTeX 2.9\tex\latex\listings\lstmisc.sty"
File: lstmisc.sty 2007/02/22 1.4 (Carsten Heinz)
\c@lstnumber=\count119
\lst@skipnumbers=\count120
\lst@framebox=\box28
)
("C:\Program Files (x86)\MiKTeX 2.9\tex\latex\listings\listings.cfg"
File: listings.cfg 2007/02/22 1.4 listings configuration
))
Package: listings 2007/02/22 1.4 (Carsten Heinz)
)
(C:\Users\zhou\Desktop\stagerapport\modelerapport.aux)
LaTeX Font Info:    Checking defaults for OML/cmm/m/it on input line 29.
LaTeX Font Info:    ... okay on input line 29.
LaTeX Font Info:    Checking defaults for T1/cmr/m/n on input line 29.
LaTeX Font Info:    ... okay on input line 29.
LaTeX Font Info:    Checking defaults for OT1/cmr/m/n on input line 29.
LaTeX Font Info:    ... okay on input line 29.
LaTeX Font Info:    Checking defaults for OMS/cmsy/m/n on input line 29.
LaTeX Font Info:    ... okay on input line 29.
LaTeX Font Info:    Checking defaults for OMX/cmex/m/n on input line 29.
LaTeX Font Info:    ... okay on input line 29.
LaTeX Font Info:    Checking defaults for U/cmr/m/n on input line 29.
LaTeX Font Info:    ... okay on input line 29.
LaTeX Font Info:    Checking defaults for PD1/pdf/m/n on input line 29.
LaTeX Font Info:    ... okay on input line 29.
LaTeX Font Info:    Try loading font information for T1+lmr on input line 29.

("C:\Program Files (x86)\MiKTeX 2.9\tex\latex\lm\t1lmr.fd"
File: t1lmr.fd 2009/10/30 v1.6 Font defs for Latin Modern
)
LaTeX Info: Redefining \degres on input line 29.
LaTeX Info: Redefining \dots on input line 29.
LaTeX Info: Redefining \up on input line 29.

("C:\Program Files (x86)\MiKTeX 2.9\tex\context\base\supp-pdf.mkii"
[Loading MPS to PDF converter (version 2006.09.02).]
\scratchcounter=\count121
\scratchdimen=\dimen115
\scratchbox=\box29
\nofMPsegments=\count122
\nofMParguments=\count123
\everyMPshowfont=\toks16
\MPscratchCnt=\count124
\MPscratchDim=\dimen116
\MPnumerator=\count125
\makeMPintoPDFobject=\count126
\everyMPtoPDFconversion=\toks17
)
Package lastpage Info: Please have a look at the pageslts package at
(lastpage)             http://www.ctan.org/tex-archive/ 
(lastpage)             macros/latex/contrib/pageslts/ 
(lastpage)             or
(lastpage)             http://www.ctan.org/tex-archive/ 
(lastpage)             install/macros/latex/contrib/pageslts.tds.zip
(lastpage)             ! on input line 29.
\AtBeginShipoutBox=\box30
Package hyperref Info: Link coloring ON on input line 29.
 ("C:\Program Files (x86)\MiKTeX 2.9\tex\latex\hyperref\nameref.sty"
Package: nameref 2010/04/30 v2.40 Cross-referencing by name of section

("C:\Program Files (x86)\MiKTeX 2.9\tex\generic\oberdiek\gettitlestring.sty"
Package: gettitlestring 2010/12/03 v1.4 Cleanup title references (HO)
)
\c@section@level=\count127
)
LaTeX Info: Redefining \ref on input line 29.
LaTeX Info: Redefining \pageref on input line 29.
LaTeX Info: Redefining \nameref on input line 29.

(C:\Users\zhou\Desktop\stagerapport\modelerapport.out)
(C:\Users\zhou\Desktop\stagerapport\modelerapport.out)
\@outlinefile=\write4
LaTeX Font Info:    Try loading font information for T1+lmss on input line 29.

("C:\Program Files (x86)\MiKTeX 2.9\tex\latex\lm\t1lmss.fd"
File: t1lmss.fd 2009/10/30 v1.6 Font defs for Latin Modern
)
File: logos/Logo_Polytech_Tours.pdf Graphic file (type pdf)

<use logos/Logo_Polytech_Tours.pdf>
Package pdftex.def Info: logos/Logo_Polytech_Tours.pdf used on input line 29.
(pdftex.def)             Requested size: 227.62204pt x 108.12407pt.
LaTeX Font Info:    Try loading font information for T1+lmtt on input line 29.

("C:\Program Files (x86)\MiKTeX 2.9\tex\latex\lm\t1lmtt.fd"
File: t1lmtt.fd 2009/10/30 v1.6 Font defs for Latin Modern
) [1

{C:/ProgramData/MiKTeX/2.9/pdftex/config/pdftex.map} <C:/Users/zhou/Desktop/sta
gerapport/logos/Logo_Polytech_Tours.pdf>] [2]
(C:\Users\zhou\Desktop\stagerapport\modelerapport.toc
LaTeX Font Info:    Try loading font information for OT1+lmr on input line 5.

("C:\Program Files (x86)\MiKTeX 2.9\tex\latex\lm\ot1lmr.fd"
File: ot1lmr.fd 2009/10/30 v1.6 Font defs for Latin Modern
)
LaTeX Font Info:    Try loading font information for OML+lmm on input line 5.

("C:\Program Files (x86)\MiKTeX 2.9\tex\latex\lm\omllmm.fd"
File: omllmm.fd 2009/10/30 v1.6 Font defs for Latin Modern
)
LaTeX Font Info:    Try loading font information for OMS+lmsy on input line 5.

("C:\Program Files (x86)\MiKTeX 2.9\tex\latex\lm\omslmsy.fd"
File: omslmsy.fd 2009/10/30 v1.6 Font defs for Latin Modern
)
LaTeX Font Info:    Try loading font information for OMX+lmex on input line 5.

("C:\Program Files (x86)\MiKTeX 2.9\tex\latex\lm\omxlmex.fd"
File: omxlmex.fd 2009/10/30 v1.6 Font defs for Latin Modern
)
LaTeX Font Info:    External font `lmex10' loaded for size
(Font)              <10.95> on input line 5.
LaTeX Font Info:    External font `lmex10' loaded for size
(Font)              <8> on input line 5.
LaTeX Font Info:    External font `lmex10' loaded for size
(Font)              <6> on input line 5.
 [3

])
\tf@toc=\write5
 [4]
(C:\Users\zhou\Desktop\stagerapport\modelerapport.lof)
\tf@lof=\write6
 [5

]
\c@lstlisting=\count128

Chapitre 1.
(C:\Users\zhou\Desktop\stagerapport\Ch_remerciement.tex) [6

]
Chapitre 2.
(C:\Users\zhou\Desktop\stagerapport\Ch_intro.tex) [7

]
Chapitre 3.
(C:\Users\zhou\Desktop\stagerapport\Ch1.tex
<pics/UFR.png, id=348, 238.9728pt x 170.0754pt>
File: pics/UFR.png Graphic file (type png)
 <use pics/UFR.png>
Package pdftex.def Info: pics/UFR.png used on input line 12.
(pdftex.def)             Requested size: 227.62204pt x 161.99889pt.
 [8

 <C:/Users/zhou/Desktop/stagerapport/pics/UFR.png>]
<pics/logo_gehco.jpg, id=358, 72.27pt x 30.5943pt>
File: pics/logo_gehco.jpg Graphic file (type jpg)
 <use pics/logo_gehco.jpg>
Package pdftex.def Info: pics/logo_gehco.jpg used on input line 61.
(pdftex.def)             Requested size: 284.52756pt x 120.4829pt.

[9 <C:/Users/zhou/Desktop/stagerapport/pics/logo_gehco.jpg>]) [10]
Chapitre 4.
(C:\Users\zhou\Desktop\stagerapport\Ch2.tex
<pics/mvc.jpg, id=374, 281.55188pt x 232.61906pt>
File: pics/mvc.jpg Graphic file (type jpg)
 <use pics/mvc.jpg>
Package pdftex.def Info: pics/mvc.jpg used on input line 16.
(pdftex.def)             Requested size: 227.62204pt x 188.0619pt.
 [11

 <C:/Users/zhou/Desktop/stagerapport/pics/mvc.jpg>]
<pics/redmine.jpg, id=384, 451.6875pt x 150.5625pt>
File: pics/redmine.jpg Graphic file (type jpg)
 <use pics/redmine.jpg>
Package pdftex.def Info: pics/redmine.jpg used on input line 39.
(pdftex.def)             Requested size: 284.52756pt x 94.84798pt.

<pics/redmine1.jpg, id=387, 717.43031pt x 84.315pt>
File: pics/redmine1.jpg Graphic file (type jpg)
 <use pics/redmine1.jpg>
Package pdftex.def Info: pics/redmine1.jpg used on input line 56.
(pdftex.def)             Requested size: 341.43306pt x 40.12721pt.

<pics/matlab.jpg, id=388, 400.49625pt x 173.89969pt>
File: pics/matlab.jpg Graphic file (type jpg)
 <use pics/matlab.jpg>
Package pdftex.def Info: pics/matlab.jpg used on input line 67.
(pdftex.def)             Requested size: 284.52756pt x 123.55188pt.

[12 <C:/Users/zhou/Desktop/stagerapport/pics/redmine.jpg> <C:/Users/zhou/Deskto
p/stagerapport/pics/redmine1.jpg>]
<pics/jfreechart.jpg, id=395, 360.59718pt x 81.30376pt>
File: pics/jfreechart.jpg Graphic file (type jpg)

<use pics/jfreechart.jpg>
Package pdftex.def Info: pics/jfreechart.jpg used on input line 89.
(pdftex.def)             Requested size: 284.52756pt x 64.15233pt.
 <pics/gimp.jpg, id=397, 247.67531pt x 201.75375pt>
File: pics/gimp.jpg Graphic file (type jpg)

<use pics/gimp.jpg>
Package pdftex.def Info: pics/gimp.jpg used on input line 100.
(pdftex.def)             Requested size: 227.62204pt x 185.41867pt.
 [13 <C:/Users/zhou/Desktop/stagerapport/pics/matlab.jpg> <C:/Users/zhou/Deskto
p/stagerapport/pics/jfreechart.jpg> <C:/Users/zhou/Desktop/stagerapport/pics/gi
mp.jpg>]
<pics/htmlworkshop.jpg, id=406, 438.13687pt x 260.47313pt>
File: pics/htmlworkshop.jpg Graphic file (type jpg)

<use pics/htmlworkshop.jpg>
Package pdftex.def Info: pics/htmlworkshop.jpg used on input line 110.
(pdftex.def)             Requested size: 284.52756pt x 169.1545pt.

<pics/myeclipse.jpg, id=407, 344.03531pt x 222.07968pt>
File: pics/myeclipse.jpg Graphic file (type jpg)

<use pics/myeclipse.jpg>
Package pdftex.def Info: pics/myeclipse.jpg used on input line 121.
(pdftex.def)             Requested size: 284.52756pt x 183.66528pt.
) [14 <C:/Users/zhou/Desktop/stagerapport/pics/htmlworkshop.jpg> <C:/Users/zhou
/Desktop/stagerapport/pics/myeclipse.jpg>]
Chapitre 5.
(C:\Users\zhou\Desktop\stagerapport\Ch3.tex [15

]) [16]
Chapitre 6.
(C:\Users\zhou\Desktop\stagerapport\Ch4.tex
<pics/mainpage.jpg, id=431, 274.77657pt x 476.53032pt>
File: pics/mainpage.jpg Graphic file (type jpg)
 <use pics/mainpage.jpg>
Package pdftex.def Info: pics/mainpage.jpg used on input line 5.
(pdftex.def)             Requested size: 256.0748pt x 444.1357pt.

[17

 <C:/Users/zhou/Desktop/stagerapport/pics/mainpage.jpg>]
<pics/mainpage1.jpg, id=437, 456.20438pt x 534.49687pt>
File: pics/mainpage1.jpg Graphic file (type jpg)

<use pics/mainpage1.jpg>
Package pdftex.def Info: pics/mainpage1.jpg used on input line 14.
(pdftex.def)             Requested size: 341.43306pt x 400.03978pt.

<pics/pagedemarrage.jpg, id=439, 478.03593pt x 357.58594pt>
File: pics/pagedemarrage.jpg Graphic file (type jpg)

<use pics/pagedemarrage.jpg>
Package pdftex.def Info: pics/pagedemarrage.jpg used on input line 26.
(pdftex.def)             Requested size: 341.43306pt x 255.39919pt.
 [18 <C:/Users/zhou/Desktop/stagerapport/pics/mainpage1.jpg>] <pics/configurati
on.jpg, id=445, 374.14781pt x 242.40562pt>
File: pics/configuration.jpg Graphic file (type jpg)

<use pics/configuration.jpg>
Package pdftex.def Info: pics/configuration.jpg used on input line 38.
(pdftex.def)             Requested size: 284.52756pt x 184.35223pt.
 [19 <C:/Users/zhou/Desktop/stagerapport/pics/pagedemarrage.jpg> <C:/Users/zhou
/Desktop/stagerapport/pics/configuration.jpg>]
<pics/visualisation.jpg, id=451, 445.665pt x 291.33844pt>
File: pics/visualisation.jpg Graphic file (type jpg)

<use pics/visualisation.jpg>
Package pdftex.def Info: pics/visualisation.jpg used on input line 49.
(pdftex.def)             Requested size: 312.9803pt x 204.60233pt.

<pics/chronologique.jpg, id=453, 386.19281pt x 229.60782pt>
File: pics/chronologique.jpg Graphic file (type jpg)

<use pics/chronologique.jpg>
Package pdftex.def Info: pics/chronologique.jpg used on input line 60.
(pdftex.def)             Requested size: 312.9803pt x 186.0794pt.
 [20 <C:/Users/zhou/Desktop/stagerapport/pics/visualisation.jpg> <C:/Users/zhou
/Desktop/stagerapport/pics/chronologique.jpg>]
<pics/distributionq.jpg, id=460, 422.32782pt x 249.18094pt>
File: pics/distributionq.jpg Graphic file (type jpg)

<use pics/distributionq.jpg>
Package pdftex.def Info: pics/distributionq.jpg used on input line 76.
(pdftex.def)             Requested size: 312.9803pt x 184.66855pt.

<pics/distributionc.jpg, id=461, 425.33907pt x 249.93375pt>
File: pics/distributionc.jpg Graphic file (type jpg)

<use pics/distributionc.jpg>
Package pdftex.def Info: pics/distributionc.jpg used on input line 84.
(pdftex.def)             Requested size: 312.9803pt x 183.91838pt.
 [21 <C:/Users/zhou/Desktop/stagerapport/pics/distributionq.jpg> <C:/Users/zhou
/Desktop/stagerapport/pics/distributionc.jpg>]
<pics/logq50.jpg, id=467, 363.60844pt x 229.60782pt>
File: pics/logq50.jpg Graphic file (type jpg)
 <use pics/logq50.jpg>
Package pdftex.def Info: pics/logq50.jpg used on input line 96.
(pdftex.def)             Requested size: 312.9803pt x 197.64456pt.

<pics/logsaison.jpg, id=469, 396.7322pt x 230.36063pt>
File: pics/logsaison.jpg Graphic file (type jpg)

<use pics/logsaison.jpg>
Package pdftex.def Info: pics/logsaison.jpg used on input line 106.
(pdftex.def)             Requested size: 312.9803pt x 181.73332pt.
 [22 <C:/Users/zhou/Desktop/stagerapport/pics/logq50.jpg> <C:/Users/zhou/Deskto
p/stagerapport/pics/logsaison.jpg>]
<pics/logparametre.jpg, id=475, 379.4175pt x 254.45062pt>
File: pics/logparametre.jpg Graphic file (type jpg)

<use pics/logparametre.jpg>
Package pdftex.def Info: pics/logparametre.jpg used on input line 121.
(pdftex.def)             Requested size: 312.9803pt x 209.90105pt.

<pics/fluxeau.jpg, id=477, 460.72125pt x 291.33844pt>
File: pics/fluxeau.jpg Graphic file (type jpg)
 <use pics/fluxeau.jpg>
Package pdftex.def Info: pics/fluxeau.jpg used on input line 131.
(pdftex.def)             Requested size: 312.9803pt x 197.91191pt.

[23 <C:/Users/zhou/Desktop/stagerapport/pics/logparametre.jpg> <C:/Users/zhou/D
esktop/stagerapport/pics/fluxeau.jpg>]
<pics/concentration.jpg, id=484, 473.51906pt x 231.86626pt>
File: pics/concentration.jpg Graphic file (type jpg)

<use pics/concentration.jpg>
Package pdftex.def Info: pics/concentration.jpg used on input line 145.
(pdftex.def)             Requested size: 341.43306pt x 167.19122pt.

<pics/debit.jpg, id=485, 311.66437pt x 152.06813pt>
File: pics/debit.jpg Graphic file (type jpg)
 <use pics/debit.jpg>
Package pdftex.def Info: pics/debit.jpg used on input line 152.
(pdftex.def)             Requested size: 341.43306pt x 166.59558pt.

[24 <C:/Users/zhou/Desktop/stagerapport/pics/concentration.jpg> <C:/Users/zhou/
Desktop/stagerapport/pics/debit.jpg>]
<pics/selectperiode.jpg, id=493, 203.25937pt x 280.79906pt>
File: pics/selectperiode.jpg Graphic file (type jpg)

<use pics/selectperiode.jpg>
Package pdftex.def Info: pics/selectperiode.jpg used on input line 161.
(pdftex.def)             Requested size: 170.71652pt x 235.84818pt.

<pics/interannuelle.jpg, id=496, 375.65344pt x 203.25937pt>
File: pics/interannuelle.jpg Graphic file (type jpg)

<use pics/interannuelle.jpg>
Package pdftex.def Info: pics/interannuelle.jpg used on input line 170.
(pdftex.def)             Requested size: 284.52756pt x 153.96387pt.
 [25 <C:/Users/zhou/Desktop/stagerapport/pics/selectperiode.jpg> <C:/Users/zhou
/Desktop/stagerapport/pics/interannuelle.jpg>]
<pics/interannuellem5.jpg, id=502, 371.88937pt x 196.48407pt>
File: pics/interannuellem5.jpg Graphic file (type jpg)

<use pics/interannuellem5.jpg>
Package pdftex.def Info: pics/interannuellem5.jpg used on input line 177.
(pdftex.def)             Requested size: 284.52756pt x 150.3308pt.

<pics/fluxanne.jpg, id=503, 383.93437pt x 382.42876pt>
File: pics/fluxanne.jpg Graphic file (type jpg)
 <use pics/fluxanne.jpg>
Package pdftex.def Info: pics/fluxanne.jpg used on input line 189.
(pdftex.def)             Requested size: 284.52756pt x 283.4305pt.

<pics/fluxsaison.jpg, id=504, 401.24907pt x 376.40625pt>
File: pics/fluxsaison.jpg Graphic file (type jpg)

<use pics/fluxsaison.jpg>
Package pdftex.def Info: pics/fluxsaison.jpg used on input line 196.
(pdftex.def)             Requested size: 284.52756pt x 266.92867pt.
 [26 <C:/Users/zhou/Desktop/stagerapport/pics/interannuellem5.jpg> <C:/Users/zh
ou/Desktop/stagerapport/pics/fluxanne.jpg>]
<pics/aide.jpg, id=510, 453.19313pt x 414.04688pt>
File: pics/aide.jpg Graphic file (type jpg)
 <use pics/aide.jpg>
Package pdftex.def Info: pics/aide.jpg used on input line 205.
(pdftex.def)             Requested size: 312.9803pt x 285.94536pt.
 [27 <C:/Users/zhou/Desktop/stagerapport/pics/fluxsaison.jpg> <C:/Users/zhou/De
sktop/stagerapport/pics/aide.jpg>]
<pics/indicateur.jpg, id=516, 266.49562pt x 188.20313pt>
File: pics/indicateur.jpg Graphic file (type jpg)

<use pics/indicateur.jpg>
Package pdftex.def Info: pics/indicateur.jpg used on input line 221.
(pdftex.def)             Requested size: 199.16928pt x 140.66092pt.

<pics/recommande.jpg, id=518, 568.37344pt x 344.78813pt>
File: pics/recommande.jpg Graphic file (type jpg)

<use pics/recommande.jpg>
Package pdftex.def Info: pics/recommande.jpg used on input line 231.
(pdftex.def)             Requested size: 341.43306pt x 207.127pt.
 [28 <C:/Users/zhou/Desktop/stagerapport/pics/indicateur.jpg> <C:/Users/zhou/De
sktop/stagerapport/pics/recommande.jpg>]
<pics/incertitude.jpg, id=525, 453.94594pt x 536.0025pt>
File: pics/incertitude.jpg Graphic file (type jpg)

<use pics/incertitude.jpg>
Package pdftex.def Info: pics/incertitude.jpg used on input line 245.
(pdftex.def)             Requested size: 341.43306pt x 403.15408pt.
 [29 <C:/Users/zhou/Desktop/stagerapport/pics/incertitude.jpg>] <pics/frequence
optimal.jpg, id=531, 529.22719pt x 340.27126pt>
File: pics/frequenceoptimal.jpg Graphic file (type jpg)

<use pics/frequenceoptimal.jpg>
Package pdftex.def Info: pics/frequenceoptimal.jpg used on input line 256.
(pdftex.def)             Requested size: 312.9803pt x 201.23596pt.

<pics/procedureaide.jpg, id=533, 295.85532pt x 379.4175pt>
File: pics/procedureaide.jpg Graphic file (type jpg)

<use pics/procedureaide.jpg>
Package pdftex.def Info: pics/procedureaide.jpg used on input line 278.
(pdftex.def)             Requested size: 284.52756pt x 364.90244pt.

<pics/apropos.jpg, id=535, 153.57375pt x 229.60782pt>
File: pics/apropos.jpg Graphic file (type jpg)
 <use pics/apropos.jpg>
Package pdftex.def Info: pics/apropos.jpg used on input line 288.
(pdftex.def)             Requested size: 113.81102pt x 170.15938pt.
)
[30 <C:/Users/zhou/Desktop/stagerapport/pics/frequenceoptimal.jpg>] [31 <C:/Use
rs/zhou/Desktop/stagerapport/pics/procedureaide.jpg> <C:/Users/zhou/Desktop/sta
gerapport/pics/apropos.jpg>]
Chapitre 7.
(C:\Users\zhou\Desktop\stagerapport\Ch5.tex) [32

]
Chapitre 8.
(C:\Users\zhou\Desktop\stagerapport\Ch_conclu.tex) [33

]
Overfull \hbox (85.15366pt too wide) in paragraph at lines 60--61
[]\T1/lmtt/m/n/10.95 http://www.univ-tours.fr/l-universite/l-universite-en-quel
ques-mots-31631.kjsp?RH=1227187094781 
 []


Overfull \hbox (10.42012pt too wide) in paragraph at lines 73--74
[]\T1/lmtt/m/n/10.95 http://jmdoudoux.developpez.com/cours/developpons/java/cha
p-bibliotheques-free.php 
 []

[34

]
Chapitre 9.
(C:\Users\zhou\Desktop\stagerapport\Ch_annexe.tex
<pics/biais1.jpg, id=569, 401.24907pt x 165.61874pt>
File: pics/biais1.jpg Graphic file (type jpg)
 <use pics/biais1.jpg>
Package pdftex.def Info: pics/biais1.jpg used on input line 6.
(pdftex.def)             Requested size: 341.43306pt x 140.93832pt.

<pics/biais2.jpg, id=570, 447.17062pt x 171.64125pt>
File: pics/biais2.jpg Graphic file (type jpg)
 <use pics/biais2.jpg>
Package pdftex.def Info: pics/biais2.jpg used on input line 13.
(pdftex.def)             Requested size: 341.43306pt x 131.05891pt.

[35

 <C:/Users/zhou/Desktop/stagerapport/pics/biais1.jpg> <C:/Users/zhou/Desktop/st
agerapport/pics/biais2.jpg>]
<pics/imprecision1.jpg, id=575, 445.665pt x 170.13562pt>
File: pics/imprecision1.jpg Graphic file (type jpg)

<use pics/imprecision1.jpg>
Package pdftex.def Info: pics/imprecision1.jpg used on input line 22.
(pdftex.def)             Requested size: 341.43306pt x 130.34541pt.

<pics/imprecision2.jpg, id=576, 431.36156pt x 170.13562pt>
File: pics/imprecision2.jpg Graphic file (type jpg)

<use pics/imprecision2.jpg>
Package pdftex.def Info: pics/imprecision2.jpg used on input line 29.
(pdftex.def)             Requested size: 341.43306pt x 134.67046pt.
 [36 <C:/Users/zhou/Desktop/stagerapport/pics/imprecision1.jpg> <C:/Users/zhou/
Desktop/stagerapport/pics/imprecision2.jpg>]
Underfull \hbox (badness 10000) in paragraph at lines 34--35

 []


Underfull \hbox (badness 10000) in paragraph at lines 46--51

 []


Underfull \hbox (badness 10000) in paragraph at lines 57--62

 []


Underfull \hbox (badness 10000) in paragraph at lines 69--74

 []


Underfull \vbox (badness 2035) has occurred while \output is active []

 [37]
Underfull \hbox (badness 10000) in paragraph at lines 82--87

 []


Underfull \hbox (badness 10000) in paragraph at lines 94--100

 []


Underfull \hbox (badness 10000) in paragraph at lines 122--131

 []


Underfull \vbox (badness 10000) has occurred while \output is active []

 [38]
Underfull \hbox (badness 10000) in paragraph at lines 149--151

 []


Underfull \hbox (badness 10000) in paragraph at lines 156--157

 []


Underfull \hbox (badness 10000) in paragraph at lines 167--173

 []


Underfull \hbox (badness 10000) in paragraph at lines 178--181

 []


Underfull \vbox (badness 10000) has occurred while \output is active []

 [39]
Underfull \vbox (badness 10000) has occurred while \output is active []

 [40]
Underfull \hbox (badness 10000) in paragraph at lines 258--266

 []


Underfull \vbox (badness 10000) has occurred while \output is active []

 [41]
Underfull \hbox (badness 10000) in paragraph at lines 319--328

 []


Underfull \vbox (badness 10000) has occurred while \output is active []

 [42])

AED: lastpage setting LastPage
[43] ( FP-DIV ) ( FP-TRUNC ) ( FP-MUL ) ( FP-SUB ) ( FP-TRUNC ) ( FP-ZERO? )
Package atveryend Info: Empty hook `BeforeClearDocument' on input line 95.

[44


]
Package atveryend Info: Empty hook `AfterLastShipout' on input line 95.
 (C:\Users\zhou\Desktop\stagerapport\modelerapport.aux)
Package atveryend Info: Executing hook `AtVeryEndDocument' on input line 95.
Package atveryend Info: Executing hook `AtEndAfterFileList' on input line 95.
Package rerunfilecheck Info: File `modelerapport.out' has not changed.
(rerunfilecheck)             Checksum: D9AE52276B73F2CC3C2570DBB9DDF0D0;2980.
 ) 
Here is how much of TeX's memory you used:
 8935 strings out of 494045
 128490 string characters out of 3145972
 241777 words of memory out of 3000000
 11843 multiletter control sequences out of 15000+200000
 67799 words of font info for 45 fonts, out of 3000000 for 9000
 715 hyphenation exceptions out of 8191
 36i,14n,48p,1213b,540s stack positions out of 5000i,500n,10000p,200000b,50000s
{C:/Program Files (x86)/MiKTeX 2.9/fonts/enc/dvips/lm/lm-ec.enc}{C:/Program F
iles (x86)/MiKTeX 2.9/fonts/enc/dvips/lm/lm-mathsy.enc}{C:/Program Files (x86)/
MiKTeX 2.9/fonts/enc/dvips/lm/lm-rm.enc}{C:/Program Files (x86)/MiKTeX 2.9/font
s/enc/dvips/lm/lm-mathit.enc}{C:/Program Files (x86)/MiKTeX 2.9/fonts/enc/dvips
/lm/lm-mathex.enc}<C:/Program Files (x86)/MiKTeX 2.9/fonts/type1/public/lm/lmbx
10.pfb><C:/Program Files (x86)/MiKTeX 2.9/fonts/type1/public/lm/lmbx12.pfb><C:/
Program Files (x86)/MiKTeX 2.9/fonts/type1/public/lm/lmcsc10.pfb><C:/Program Fi
les (x86)/MiKTeX 2.9/fonts/type1/public/lm/lmex10.pfb><C:/Program Files (x86)/M
iKTeX 2.9/fonts/type1/public/lm/lmmi10.pfb><C:/Program Files (x86)/MiKTeX 2.9/f
onts/type1/public/lm/lmmi6.pfb><C:/Program Files (x86)/MiKTeX 2.9/fonts/type1/p
ublic/lm/lmmi8.pfb><C:/Program Files (x86)/MiKTeX 2.9/fonts/type1/public/lm/lmr
10.pfb><C:/Program Files (x86)/MiKTeX 2.9/fonts/type1/public/lm/lmr6.pfb><C:/Pr
ogram Files (x86)/MiKTeX 2.9/fonts/type1/public/lm/lmr8.pfb><C:/Program Files (
x86)/MiKTeX 2.9/fonts/type1/public/lm/lmss10.pfb><C:/Program Files (x86)/MiKTeX
 2.9/fonts/type1/public/lm/lmss12.pfb><C:/Program Files (x86)/MiKTeX 2.9/fonts/
type1/public/lm/lmss8.pfb><C:/Program Files (x86)/MiKTeX 2.9/fonts/type1/public
/lm/lmssbx10.pfb><C:/Program Files (x86)/MiKTeX 2.9/fonts/type1/public/lm/lmsy1
0.pfb><C:/Program Files (x86)/MiKTeX 2.9/fonts/type1/public/lm/lmsy6.pfb><C:/Pr
ogram Files (x86)/MiKTeX 2.9/fonts/type1/public/lm/lmsy8.pfb><C:/Program Files 
(x86)/MiKTeX 2.9/fonts/type1/public/lm/lmtt10.pfb>
Output written on modelerapport.pdf (44 pages, 2582543 bytes).
PDF statistics:
 734 PDF objects out of 1000 (max. 8388607)
 169 named destinations out of 1000 (max. 500000)
 558 words of extra memory for PDF output out of 10000 (max. 10000000)

