\BOOKMARK [0][]{chapter.3}{1 Remerciement}{}% 1
\BOOKMARK [0][]{chapter.4}{2 Introduction}{}% 2
\BOOKMARK [0][]{chapter.5}{3 Presentation du laboratoire}{}% 3
\BOOKMARK [1][]{section.6}{3.1 Université François-Rabelais}{chapter.5}% 4
\BOOKMARK [1][]{section.8}{3.2 Laboratoire de géosciences}{chapter.5}% 5
\BOOKMARK [0][]{chapter.14}{4 Techniques utilisés}{}% 6
\BOOKMARK [1][]{section.15}{4.1 MVC}{chapter.14}% 7
\BOOKMARK [1][]{section.20}{4.2 Redmine}{chapter.14}% 8
\BOOKMARK [1][]{section.23}{4.3 Matlab}{chapter.14}% 9
\BOOKMARK [1][]{section.25}{4.4 JfreeChart}{chapter.14}% 10
\BOOKMARK [1][]{section.27}{4.5 GIMP}{chapter.14}% 11
\BOOKMARK [1][]{section.29}{4.6 HTML Help Workshop}{chapter.14}% 12
\BOOKMARK [1][]{section.31}{4.7 MyEclipse}{chapter.14}% 13
\BOOKMARK [0][]{chapter.33}{5 Présentation de la mission du stage}{}% 14
\BOOKMARK [1][]{section.34}{5.1 Analyser les besoins}{chapter.33}% 15
\BOOKMARK [1][]{section.35}{5.2 Designer le système}{chapter.33}% 16
\BOOKMARK [2][]{subsection.36}{5.2.1 Environnement Logiciel}{section.35}% 17
\BOOKMARK [2][]{subsection.37}{5.2.2 module de fonctionnalité}{section.35}% 18
\BOOKMARK [1][]{section.43}{5.3 Programmer}{chapter.33}% 19
\BOOKMARK [1][]{section.48}{5.4 Tester ce système}{chapter.33}% 20
\BOOKMARK [0][]{chapter.49}{6 Travail réalisé}{}% 21
\BOOKMARK [1][]{section.50}{6.1 Amélioration de l'interface de mainpage}{chapter.49}% 22
\BOOKMARK [1][]{section.54}{6.2 Module Fichiers}{chapter.49}% 23
\BOOKMARK [2][]{subsection.55}{6.2.1 Configuration}{section.54}% 24
\BOOKMARK [2][]{subsection.57}{6.2.2 visualisation}{section.54}% 25
\BOOKMARK [1][]{section.59}{6.3 Module Graphiques}{chapter.49}% 26
\BOOKMARK [2][]{subsection.60}{6.3.1 Série Chronologique}{section.59}% 27
\BOOKMARK [2][]{subsection.62}{6.3.2 Distribution Q et C}{section.59}% 28
\BOOKMARK [2][]{subsection.65}{6.3.3 log Q/C\(visualisation Q50\)}{section.59}% 29
\BOOKMARK [2][]{subsection.67}{6.3.4 log Q/C\(visualisation saison\)}{section.59}% 30
\BOOKMARK [2][]{subsection.69}{6.3.5 log Q/C\(autres paramètres\)}{section.59}% 31
\BOOKMARK [2][]{subsection.71}{6.3.6 graphique durée de flux eau}{section.59}% 32
\BOOKMARK [1][]{section.73}{6.4 Module Calcul flux }{chapter.49}% 33
\BOOKMARK [1][]{section.84}{6.5 Module Système expert}{chapter.49}% 34
\BOOKMARK [2][]{subsection.85}{6.5.1 Calcul d'indicateur}{section.84}% 35
\BOOKMARK [2][]{subsection.87}{6.5.2 Méthode recommandée}{section.84}% 36
\BOOKMARK [2][]{subsection.89}{6.5.3 Incertitude \(M5\)}{section.84}% 37
\BOOKMARK [2][]{subsection.91}{6.5.4 Fréquence optimale \(M5\)}{section.84}% 38
\BOOKMARK [1][]{section.93}{6.6 Module Aide}{chapter.49}% 39
\BOOKMARK [2][]{subsection.94}{6.6.1 Aide}{section.93}% 40
\BOOKMARK [2][]{subsection.101}{6.6.2 A propos}{section.93}% 41
\BOOKMARK [0][]{chapter.103}{7 Difficultés rencontrées}{}% 42
\BOOKMARK [0][]{chapter.104}{8 Conclusion}{}% 43
\BOOKMARK [0][]{chapter.109}{9 Annexes}{}% 44
